<?xml version="1.0" encoding="UTF-8"?>
<!-- Generated by org.testng.reporters.JUnitReportReporter -->
<testsuite hostname="Alnobl" failures="0" tests="1" name="testPackage.Testcase" time="1.181" errors="0" timestamp="2024-04-26T20:06:32 AST" skipped="0">
  <testcase classname="testPackage.Testcase" name="myTest" time="1.181"/>
  <system-out/>
</testsuite> <!-- testPackage.Testcase -->
