<?xml version="1.0" encoding="UTF-8"?>
<!-- Generated by org.testng.reporters.JUnitReportReporter -->
<testsuite hostname="Alnobl" failures="0" tests="1" name="testPackage.Testcase" time="0.005" errors="0" timestamp="2024-04-25T15:42:31 AST" skipped="0">
  <testcase classname="testPackage.Testcase" name="myTest" time="0.005"/>
  <system-out/>
</testsuite> <!-- testPackage.Testcase -->
