<?xml version="1.0" encoding="UTF-8"?>
<!-- Generated by org.testng.reporters.JUnitReportReporter -->
<testsuite hostname="Alnobl" failures="0" tests="5" name="testPackage.Testcase" time="0.888" errors="0" timestamp="2024-05-07T20:40:25 AST" skipped="4">
  <testcase classname="testPackage.Testcase" name="asrestForPhoneNumber" time="0.888"/>
  <system-out/>
  <testcase classname="testPackage.Testcase" name="loginSuiteTest">
    <skipped/>
  </testcase> <!-- loginSuiteTest -->
  <system-out/>
  <testcase classname="testPackage.Testcase" name="regestrationNewAccount">
    <skipped/>
  </testcase> <!-- regestrationNewAccount -->
  <system-out/>
  <testcase classname="testPackage.Testcase" name="regestrationNgewAccount">
    <skipped/>
  </testcase> <!-- regestrationNgewAccount -->
  <system-out/>
  <testcase classname="testPackage.Testcase" name="myTest">
    <skipped/>
  </testcase> <!-- myTest -->
  <system-out/>
</testsuite> <!-- testPackage.Testcase -->
