<?xml version="1.0" encoding="UTF-8"?>
<!-- Generated by org.testng.reporters.JUnitReportReporter -->
<testsuite hostname="Alnobl" failures="0" tests="3" name="testPackage.Testcase" time="6.041" errors="0" timestamp="2024-04-27T18:51:27 AST" skipped="1">
  <testcase classname="testPackage.Testcase" name="regestrationNewAccount" time="5.069"/>
  <system-out/>
  <testcase classname="testPackage.Testcase" name="myTest" time="0.972"/>
  <system-out/>
  <testcase classname="testPackage.Testcase" name="regestrationNgewAccount">
    <skipped/>
  </testcase> <!-- regestrationNgewAccount -->
  <system-out/>
</testsuite> <!-- testPackage.Testcase -->
